<?xml version="1.0" encoding="UTF-8"?>
<testng-results ignored="0" total="1" passed="1" failed="0" skipped="0">
  <reporter-output>
  </reporter-output>
  <suite started-at="2022-03-09T13:47:06 EST" name="Suite" finished-at="2022-03-09T13:47:08 EST" duration-ms="1161">
    <groups>
    </groups>
    <test started-at="2022-03-09T13:47:06 EST" name="Test" finished-at="2022-03-09T13:47:08 EST" duration-ms="1161">
      <class name="Jackson.From">
        <test-method is-config="true" signature="url()[pri:0, instance:Jackson.From@74960bfa]" started-at="2022-03-09T13:47:06 EST" name="url" finished-at="2022-03-09T13:47:07 EST" duration-ms="916" status="PASS">
          <reporter-output>
          </reporter-output>
        </test-method> <!-- url -->
        <test-method signature="openurl()[pri:0, instance:Jackson.From@74960bfa]" started-at="2022-03-09T13:47:07 EST" name="openurl" finished-at="2022-03-09T13:47:08 EST" duration-ms="214" status="PASS">
          <reporter-output>
          </reporter-output>
        </test-method> <!-- openurl -->
      </class> <!-- Jackson.From -->
    </test> <!-- Test -->
  </suite> <!-- Suite -->
</testng-results>
